<?xml version="1.0" encoding="UTF-8"?>
<testsuite name="com.lc.df.studentapp.testsuite.StudentCURDTest" time="22.013" tests="5" errors="1" skipped="0" failures="0">
  <properties>
[...]
</properties>
  <testcase name="test001" classname="com.lc.df.studentapp.testsuite.StudentCURDTest" time="13.2"/>
  <testcase name="test002" classname="com.lc.df.studentapp.testsuite.StudentCURDTest" time="2.638"/>
  <testcase name="test003" classname="com.lc.df.studentapp.testsuite.StudentCURDTest" time="0.46"/>
  <testcase name="test004" classname="com.lc.df.studentapp.testsuite.StudentCURDTest" time="0.393"/>
  <testcase name="com.lc.df.studentapp.testsuite.StudentCURDTest" classname="org.apache.maven.surefire.junit4.JUnit4Provider" time="5.322">
    <error message="Failed to generate configuration report" type="net.thucydides.core.reports.ReportGenerationFailedError">net.thucydides.core.reports.ReportGenerationFailedError: Failed to generate configuration report
	at java.util.concurrent.FutureTask.report(FutureTask.java:122)
	at java.util.concurrent.FutureTask.get(FutureTask.java:192)
	at net.thucydides.core.reports.ReportService.waitForReportGenerationToFinish(ReportService.java:182)
	at net.thucydides.core.reports.ReportService.generateReportsFor(ReportService.java:163)
	at net.thucydides.core.reports.ReportService.generateReportsFor(ReportService.java:112)
	at net.serenitybdd.junit.runners.SerenityRunner.generateReportsFor(SerenityRunner.java:410)
	at net.serenitybdd.junit.runners.SerenityRunner.generateReports(SerenityRunner.java:305)
	at net.serenitybdd.junit.runners.SerenityRunner.run(SerenityRunner.java:259)
	at org.apache.maven.surefire.junit4.JUnit4Provider.execute(JUnit4Provider.java:283)
	at org.apache.maven.surefire.junit4.JUnit4Provider.executeWithRerun(JUnit4Provider.java:173)
	at org.apache.maven.surefire.junit4.JUnit4Provider.executeTestSet(JUnit4Provider.java:153)
	at org.apache.maven.surefire.junit4.JUnit4Provider.invoke(JUnit4Provider.java:128)
Caused by: net.thucydides.core.reports.ReportGenerationFailedError: Failed to generate reports using net.thucydides.core.reports.html.HtmlAcceptanceTestReporter@6415f61e
	at net.thucydides.core.reports.ReportService.generateReportFor(ReportService.java:223)
	at net.thucydides.core.reports.ReportService.access$100(ReportService.java:35)
	at net.thucydides.core.reports.ReportService$1.run(ReportService.java:157)
	at java.util.concurrent.Executors$RunnableAdapter.call(Executors.java:511)
	at java.util.concurrent.FutureTask.run(FutureTask.java:266)
	at java.util.concurrent.ThreadPoolExecutor.runWorker(ThreadPoolExecutor.java:1142)
	at java.util.concurrent.ThreadPoolExecutor$Worker.run(ThreadPoolExecutor.java:617)
	at java.lang.Thread.run(Thread.java:745)
Caused by: java.lang.RuntimeException: Failed to merge template: Failed to process FreeMarker template
	at net.thucydides.core.reports.html.Merger$MergeBuilder.to(Merger.java:39)
	at net.thucydides.core.reports.html.HtmlAcceptanceTestReporter.generateReportPage(HtmlAcceptanceTestReporter.java:144)
	at net.thucydides.core.reports.html.HtmlAcceptanceTestReporter.generateReportFor(HtmlAcceptanceTestReporter.java:130)
	at net.thucydides.core.reports.ReportService.generateReportFor(ReportService.java:221)
	at net.thucydides.core.reports.ReportService.access$100(ReportService.java:35)
	at net.thucydides.core.reports.ReportService$1.run(ReportService.java:157)
	at java.util.concurrent.Executors$RunnableAdapter.call(Executors.java:511)
	at java.util.concurrent.FutureTask.run(FutureTask.java:266)
	at java.util.concurrent.ThreadPoolExecutor.runWorker(ThreadPoolExecutor.java:1142)
	at java.util.concurrent.ThreadPoolExecutor$Worker.run(ThreadPoolExecutor.java:617)
	at java.lang.Thread.run(Thread.java:745)
Caused by: net.thucydides.core.reports.templates.TemplateMergeException: Failed to process FreeMarker template
	at net.thucydides.core.reports.templates.FreemarkerReportTemplate.merge(FreemarkerReportTemplate.java:45)
	at net.thucydides.core.reports.html.Merger$MergeBuilder.to(Merger.java:37)
	at net.thucydides.core.reports.html.HtmlAcceptanceTestReporter.generateReportPage(HtmlAcceptanceTestReporter.java:144)
	at net.thucydides.core.reports.html.HtmlAcceptanceTestReporter.generateReportFor(HtmlAcceptanceTestReporter.java:130)
	at net.thucydides.core.reports.ReportService.generateReportFor(ReportService.java:221)
	at net.thucydides.core.reports.ReportService.access$100(ReportService.java:35)
	at net.thucydides.core.reports.ReportService$1.run(ReportService.java:157)
	at java.util.concurrent.Executors$RunnableAdapter.call(Executors.java:511)
	at java.util.concurrent.FutureTask.run(FutureTask.java:266)
	at java.util.concurrent.ThreadPoolExecutor.runWorker(ThreadPoolExecutor.java:1142)
	at java.util.concurrent.ThreadPoolExecutor$Worker.run(ThreadPoolExecutor.java:617)
	at java.lang.Thread.run(Thread.java:745)
Caused by: freemarker.core._TemplateModelException: Java method "net.thucydides.core.reports.html.Formatter.renderText(String)" threw an exception when invoked on net.thucydides.core.reports.html.Formatter object "net.thucydides.core.reports.html.Formatter@3ec5f9a9"; see cause exception in the Java stack trace.

----
FTL stack trace ("~" means nesting-related):
	- Failed at: ${formatter.renderText(restQuery.resp...  [in template "freemarker/default.ftl" in macro "restQueryData" at line 348, column 41]
	- Reached through: @restQueryData restQuery=step.restQue...  [in template "freemarker/default.ftl" in macro "step_details" at line 418, column 37]
	- Reached through: @step_details step=step step_number=s...  [in template "freemarker/default.ftl" in macro "write_step" at line 242, column 17]
	- Reached through: @write_step step=step step_number=ste...  [in template "freemarker/default.ftl" at line 464, column 17]
----
	at freemarker.ext.beans._MethodUtil.newInvocationTemplateModelException(_MethodUtil.java:311)
	at freemarker.ext.beans._MethodUtil.newInvocationTemplateModelException(_MethodUtil.java:275)
	at freemarker.ext.beans.SimpleMethodModel.exec(SimpleMethodModel.java:80)
	at freemarker.core.MethodCall._eval(MethodCall.java:62)
	at freemarker.core.Expression.eval(Expression.java:78)
	at freemarker.core.Expression.evalAndCoerceToString(Expression.java:82)
	at freemarker.core.DollarVariable.accept(DollarVariable.java:41)
	at freemarker.core.Environment.visit(Environment.java:324)
	at freemarker.core.MixedContent.accept(MixedContent.java:54)
	at freemarker.core.Environment.visitByHiddingParent(Environment.java:345)
	at freemarker.core.ConditionalBlock.accept(ConditionalBlock.java:48)
	at freemarker.core.Environment.visit(Environment.java:324)
	at freemarker.core.MixedContent.accept(MixedContent.java:54)
	at freemarker.core.Environment.visit(Environment.java:324)
	at freemarker.core.Macro$Context.runMacro(Macro.java:184)
	at freemarker.core.Environment.invoke(Environment.java:701)
	at freemarker.core.UnifiedCall.accept(UnifiedCall.java:84)
	at freemarker.core.Environment.visit(Environment.java:324)
	at freemarker.core.MixedContent.accept(MixedContent.java:54)
	at freemarker.core.Environment.visitByHiddingParent(Environment.java:345)
	at freemarker.core.ConditionalBlock.accept(ConditionalBlock.java:48)
	at freemarker.core.Environment.visit(Environment.java:324)
	at freemarker.core.MixedContent.accept(MixedContent.java:54)
	at freemarker.core.Environment.visit(Environment.java:324)
	at freemarker.core.Macro$Context.runMacro(Macro.java:184)
	at freemarker.core.Environment.invoke(Environment.java:701)
	at freemarker.core.UnifiedCall.accept(UnifiedCall.java:84)
	at freemarker.core.Environment.visit(Environment.java:324)
	at freemarker.core.MixedContent.accept(MixedContent.java:54)
	at freemarker.core.Environment.visit(Environment.java:324)
	at freemarker.core.Macro$Context.runMacro(Macro.java:184)
	at freemarker.core.Environment.invoke(Environment.java:701)
	at freemarker.core.UnifiedCall.accept(UnifiedCall.java:84)
	at freemarker.core.Environment.visitByHiddingParent(Environment.java:345)
	at freemarker.core.IteratorBlock$IterationContext.executeNestedBlockInner(IteratorBlock.java:268)
	at freemarker.core.IteratorBlock$IterationContext.executeNestedBlock(IteratorBlock.java:220)
	at freemarker.core.IteratorBlock$IterationContext.accept(IteratorBlock.java:194)
	at freemarker.core.Environment.visitIteratorBlock(Environment.java:572)
	at freemarker.core.IteratorBlock.acceptWithResult(IteratorBlock.java:78)
	at freemarker.core.IteratorBlock.accept(IteratorBlock.java:64)
	at freemarker.core.Environment.visit(Environment.java:324)
	at freemarker.core.MixedContent.accept(MixedContent.java:54)
	at freemarker.core.Environment.visit(Environment.java:324)
	at freemarker.core.Environment.process(Environment.java:302)
	at net.thucydides.core.reports.templates.FreemarkerReportTemplate.merge(FreemarkerReportTemplate.java:42)
	at net.thucydides.core.reports.html.Merger$MergeBuilder.to(Merger.java:37)
	at net.thucydides.core.reports.html.HtmlAcceptanceTestReporter.generateReportPage(HtmlAcceptanceTestReporter.java:144)
	at net.thucydides.core.reports.html.HtmlAcceptanceTestReporter.generateReportFor(HtmlAcceptanceTestReporter.java:130)
	at net.thucydides.core.reports.ReportService.generateReportFor(ReportService.java:221)
	at net.thucydides.core.reports.ReportService.access$100(ReportService.java:35)
	at net.thucydides.core.reports.ReportService$1.run(ReportService.java:157)
	at java.util.concurrent.Executors$RunnableAdapter.call(Executors.java:511)
	at java.util.concurrent.FutureTask.run(FutureTask.java:266)
	at java.util.concurrent.ThreadPoolExecutor.runWorker(ThreadPoolExecutor.java:1142)
	at java.util.concurrent.ThreadPoolExecutor$Worker.run(ThreadPoolExecutor.java:617)
	at java.lang.Thread.run(Thread.java:745)
Caused by: java.lang.NullPointerException: null
	at net.thucydides.core.reports.html.Formatter.renderText(Formatter.java:124)
	at sun.reflect.NativeMethodAccessorImpl.invoke0(Native Method)
	at sun.reflect.NativeMethodAccessorImpl.invoke(NativeMethodAccessorImpl.java:62)
	at sun.reflect.DelegatingMethodAccessorImpl.invoke(DelegatingMethodAccessorImpl.java:43)
	at java.lang.reflect.Method.invoke(Method.java:498)
	at freemarker.ext.beans.BeansWrapper.invokeMethod(BeansWrapper.java:1458)
	at freemarker.ext.beans.SimpleMethodModel.exec(SimpleMethodModel.java:71)
	at freemarker.core.MethodCall._eval(MethodCall.java:62)
	at freemarker.core.Expression.eval(Expression.java:78)
	at freemarker.core.Expression.evalAndCoerceToString(Expression.java:82)
	at freemarker.core.DollarVariable.accept(DollarVariable.java:41)
	at freemarker.core.Environment.visit(Environment.java:324)
	at freemarker.core.MixedContent.accept(MixedContent.java:54)
	at freemarker.core.Environment.visitByHiddingParent(Environment.java:345)
	at freemarker.core.ConditionalBlock.accept(ConditionalBlock.java:48)
	at freemarker.core.Environment.visit(Environment.java:324)
	at freemarker.core.MixedContent.accept(MixedContent.java:54)
	at freemarker.core.Environment.visit(Environment.java:324)
	at freemarker.core.Macro$Context.runMacro(Macro.java:184)
	at freemarker.core.Environment.invoke(Environment.java:701)
	at freemarker.core.UnifiedCall.accept(UnifiedCall.java:84)
	at freemarker.core.Environment.visit(Environment.java:324)
	at freemarker.core.MixedContent.accept(MixedContent.java:54)
	at freemarker.core.Environment.visitByHiddingParent(Environment.java:345)
	at freemarker.core.ConditionalBlock.accept(ConditionalBlock.java:48)
	at freemarker.core.Environment.visit(Environment.java:324)
	at freemarker.core.MixedContent.accept(MixedContent.java:54)
	at freemarker.core.Environment.visit(Environment.java:324)
	at freemarker.core.Macro$Context.runMacro(Macro.java:184)
	at freemarker.core.Environment.invoke(Environment.java:701)
	at freemarker.core.UnifiedCall.accept(UnifiedCall.java:84)
	at freemarker.core.Environment.visit(Environment.java:324)
	at freemarker.core.MixedContent.accept(MixedContent.java:54)
	at freemarker.core.Environment.visit(Environment.java:324)
	at freemarker.core.Macro$Context.runMacro(Macro.java:184)
	at freemarker.core.Environment.invoke(Environment.java:701)
	at freemarker.core.UnifiedCall.accept(UnifiedCall.java:84)
	at freemarker.core.Environment.visitByHiddingParent(Environment.java:345)
	at freemarker.core.IteratorBlock$IterationContext.executeNestedBlockInner(IteratorBlock.java:268)
	at freemarker.core.IteratorBlock$IterationContext.executeNestedBlock(IteratorBlock.java:220)
	at freemarker.core.IteratorBlock$IterationContext.accept(IteratorBlock.java:194)
	at freemarker.core.Environment.visitIteratorBlock(Environment.java:572)
	at freemarker.core.IteratorBlock.acceptWithResult(IteratorBlock.java:78)
	at freemarker.core.IteratorBlock.accept(IteratorBlock.java:64)
	at freemarker.core.Environment.visit(Environment.java:324)
	at freemarker.core.MixedContent.accept(MixedContent.java:54)
	at freemarker.core.Environment.visit(Environment.java:324)
	at freemarker.core.Environment.process(Environment.java:302)
	at net.thucydides.core.reports.templates.FreemarkerReportTemplate.merge(FreemarkerReportTemplate.java:42)
	at net.thucydides.core.reports.html.Merger$MergeBuilder.to(Merger.java:37)
	at net.thucydides.core.reports.html.HtmlAcceptanceTestReporter.generateReportPage(HtmlAcceptanceTestReporter.java:144)
	at net.thucydides.core.reports.html.HtmlAcceptanceTestReporter.generateReportFor(HtmlAcceptanceTestReporter.java:130)
	at net.thucydides.core.reports.ReportService.generateReportFor(ReportService.java:221)
	at net.thucydides.core.reports.ReportService.access$100(ReportService.java:35)
	at net.thucydides.core.reports.ReportService$1.run(ReportService.java:157)
	at java.util.concurrent.Executors$RunnableAdapter.call(Executors.java:511)
	at java.util.concurrent.FutureTask.run(FutureTask.java:266)
	at java.util.concurrent.ThreadPoolExecutor.runWorker(ThreadPoolExecutor.java:1142)
	at java.util.concurrent.ThreadPoolExecutor$Worker.run(ThreadPoolExecutor.java:617)
	at java.lang.Thread.run(Thread.java:745)
</error>
    <system-err><![CDATA[19369 [main] INFO net.serenitybdd.core.Serenity - 
        __    _____ _____ ____ _____   ____   _    ____  ____  _____ ____  
  _     \ \  |_   _| ____/ ___|_   _| |  _ \ / \  / ___|/ ___|| ____|  _ \ 
 (_)_____| |   | | |  _| \___ \ | |   | |_) / _ \ \___ \\___ \|  _| | | | |
  _|_____| |   | | | |___ ___) || |   |  __/ ___ \ ___) |___) | |___| |_| |
 (_)     | |   |_| |_____|____/ |_|   |_| /_/   \_\____/|____/|_____|____/ 
        /_/                                                                

TEST PASSED: Delete the student and verify if the student is deleted
----------------------------------------------------------------------------
19727 [pool-1-thread-4] INFO net.thucydides.core.reports.json.JSONTestOutcomeReporter - Generating JSON report for Delete the student and verify if the student is deleted to file C:\Users\HP\IdeaProjects\sample-serenity-project\target\site\serenity\d441e0107093f03cc751d5d984cee257662a7e1a03131f12ac33541afd60ddf8.json (using temp file C:\Users\HP\IdeaProjects\sample-serenity-project\target\site\serenity\d441e0107093f03cc751d5d984cee257662a7e1a03131f12ac33541afd60ddf8.json70991912-8141-4399-986f-a846ef68926c)
19727 [pool-1-thread-1] INFO net.thucydides.core.reports.json.JSONTestOutcomeReporter - Generating JSON report for This test will create a new student : to file C:\Users\HP\IdeaProjects\sample-serenity-project\target\site\serenity\ba2caf473e0db9b8309606b1c62c80e20b01a888688961625f86e9aa7b80bf66.json (using temp file C:\Users\HP\IdeaProjects\sample-serenity-project\target\site\serenity\ba2caf473e0db9b8309606b1c62c80e20b01a888688961625f86e9aa7b80bf66.json69161031-6882-42db-a3fa-f632663adf69)
19728 [pool-1-thread-2] INFO net.thucydides.core.reports.json.JSONTestOutcomeReporter - Generating JSON report for verify the student is added to the applicatin : to file C:\Users\HP\IdeaProjects\sample-serenity-project\target\site\serenity\9cfb0af830be658f6be8e508124d41130d593d687f0b57381dc6cd3e3af17eee.json (using temp file C:\Users\HP\IdeaProjects\sample-serenity-project\target\site\serenity\9cfb0af830be658f6be8e508124d41130d593d687f0b57381dc6cd3e3af17eee.json063cb0e2-6818-4548-9d3f-e06e44d5dd6b)
19729 [pool-1-thread-3] INFO net.thucydides.core.reports.json.JSONTestOutcomeReporter - Generating JSON report for Update the user information and verify the update information : to file C:\Users\HP\IdeaProjects\sample-serenity-project\target\site\serenity\619016dcb212187511d0ac8f074eb8d0e827f771ad11d1b2889491b228ac7446.json (using temp file C:\Users\HP\IdeaProjects\sample-serenity-project\target\site\serenity\619016dcb212187511d0ac8f074eb8d0e827f771ad11d1b2889491b228ac7446.json94c0f345-0f94-4020-a51d-633a1a6e9f98)
21729 [pool-1-thread-3] INFO net.thucydides.core.reports.html.HtmlAcceptanceTestReporter - GENERATING HTML REPORT FOR Student CURD test:test003 in 619016dcb212187511d0ac8f074eb8d0e827f771ad11d1b2889491b228ac7446.html in directory target\site\serenity  
21729 [pool-1-thread-4] INFO net.thucydides.core.reports.html.HtmlAcceptanceTestReporter - GENERATING HTML REPORT FOR Student CURD test:test001 in ba2caf473e0db9b8309606b1c62c80e20b01a888688961625f86e9aa7b80bf66.html in directory target\site\serenity  
21730 [pool-1-thread-1] INFO net.thucydides.core.reports.html.HtmlAcceptanceTestReporter - GENERATING HTML REPORT FOR Student CURD test:test004 in d441e0107093f03cc751d5d984cee257662a7e1a03131f12ac33541afd60ddf8.html in directory target\site\serenity  
21729 [pool-1-thread-2] INFO net.thucydides.core.reports.html.HtmlAcceptanceTestReporter - GENERATING HTML REPORT FOR Student CURD test:test002 in 9cfb0af830be658f6be8e508124d41130d593d687f0b57381dc6cd3e3af17eee.html in directory target\site\serenity  
May 20, 2020 2:01:42 PM freemarker.log._JULLoggerFactory$JULLogger error
SEVERE: Error executing FreeMarker template
FreeMarker template error:
Java method "net.thucydides.core.reports.html.Formatter.renderText(String)" threw an exception when invoked on net.thucydides.core.reports.html.Formatter object "net.thucydides.core.reports.html.Formatter@3ec5f9a9"; see cause exception in the Java stack trace.

----
FTL stack trace ("~" means nesting-related):
	- Failed at: ${formatter.renderText(restQuery.resp...  [in template "freemarker/default.ftl" in macro "restQueryData" at line 348, column 41]
	- Reached through: @restQueryData restQuery=step.restQue...  [in template "freemarker/default.ftl" in macro "step_details" at line 418, column 37]
	- Reached through: @step_details step=step step_number=s...  [in template "freemarker/default.ftl" in macro "write_step" at line 242, column 17]
	- Reached through: @write_step step=step step_number=ste...  [in template "freemarker/default.ftl" at line 464, column 17]
----

Java stack trace (for programmers):
----
freemarker.core._TemplateModelException: [... Exception message was already printed; see it above ...]
	at freemarker.ext.beans._MethodUtil.newInvocationTemplateModelException(_MethodUtil.java:311)
	at freemarker.ext.beans._MethodUtil.newInvocationTemplateModelException(_MethodUtil.java:275)
	at freemarker.ext.beans.SimpleMethodModel.exec(SimpleMethodModel.java:80)
	at freemarker.core.MethodCall._eval(MethodCall.java:62)
	at freemarker.core.Expression.eval(Expression.java:78)
	at freemarker.core.Expression.evalAndCoerceToString(Expression.java:82)
	at freemarker.core.DollarVariable.accept(DollarVariable.java:41)
	at freemarker.core.Environment.visit(Environment.java:324)
	at freemarker.core.MixedContent.accept(MixedContent.java:54)
	at freemarker.core.Environment.visitByHiddingParent(Environment.java:345)
	at freemarker.core.ConditionalBlock.accept(ConditionalBlock.java:48)
	at freemarker.core.Environment.visit(Environment.java:324)
	at freemarker.core.MixedContent.accept(MixedContent.java:54)
	at freemarker.core.Environment.visit(Environment.java:324)
	at freemarker.core.Macro$Context.runMacro(Macro.java:184)
	at freemarker.core.Environment.invoke(Environment.java:701)
	at freemarker.core.UnifiedCall.accept(UnifiedCall.java:84)
	at freemarker.core.Environment.visit(Environment.java:324)
	at freemarker.core.MixedContent.accept(MixedContent.java:54)
	at freemarker.core.Environment.visitByHiddingParent(Environment.java:345)
	at freemarker.core.ConditionalBlock.accept(ConditionalBlock.java:48)
	at freemarker.core.Environment.visit(Environment.java:324)
	at freemarker.core.MixedContent.accept(MixedContent.java:54)
	at freemarker.core.Environment.visit(Environment.java:324)
	at freemarker.core.Macro$Context.runMacro(Macro.java:184)
	at freemarker.core.Environment.invoke(Environment.java:701)
	at freemarker.core.UnifiedCall.accept(UnifiedCall.java:84)
	at freemarker.core.Environment.visit(Environment.java:324)
	at freemarker.core.MixedContent.accept(MixedContent.java:54)
	at freemarker.core.Environment.visit(Environment.java:324)
	at freemarker.core.Macro$Context.runMacro(Macro.java:184)
	at freemarker.core.Environment.invoke(Environment.java:701)
	at freemarker.core.UnifiedCall.accept(UnifiedCall.java:84)
	at freemarker.core.Environment.visitByHiddingParent(Environment.java:345)
	at freemarker.core.IteratorBlock$IterationContext.executeNestedBlockInner(IteratorBlock.java:268)
	at freemarker.core.IteratorBlock$IterationContext.executeNestedBlock(IteratorBlock.java:220)
	at freemarker.core.IteratorBlock$IterationContext.accept(IteratorBlock.java:194)
	at freemarker.core.Environment.visitIteratorBlock(Environment.java:572)
	at freemarker.core.IteratorBlock.acceptWithResult(IteratorBlock.java:78)
	at freemarker.core.IteratorBlock.accept(IteratorBlock.java:64)
	at freemarker.core.Environment.visit(Environment.java:324)
	at freemarker.core.MixedContent.accept(MixedContent.java:54)
	at freemarker.core.Environment.visit(Environment.java:324)
	at freemarker.core.Environment.process(Environment.java:302)
	at net.thucydides.core.reports.templates.FreemarkerReportTemplate.merge(FreemarkerReportTemplate.java:42)
	at net.thucydides.core.reports.html.Merger$MergeBuilder.to(Merger.java:37)
	at net.thucydides.core.reports.html.HtmlAcceptanceTestReporter.generateReportPage(HtmlAcceptanceTestReporter.java:144)
	at net.thucydides.core.reports.html.HtmlAcceptanceTestReporter.generateReportFor(HtmlAcceptanceTestReporter.java:130)
	at net.thucydides.core.reports.ReportService.generateReportFor(ReportService.java:221)
	at net.thucydides.core.reports.ReportService.access$100(ReportService.java:35)
	at net.thucydides.core.reports.ReportService$1.run(ReportService.java:157)
	at java.util.concurrent.Executors$RunnableAdapter.call(Executors.java:511)
	at java.util.concurrent.FutureTask.run(FutureTask.java:266)
	at java.util.concurrent.ThreadPoolExecutor.runWorker(ThreadPoolExecutor.java:1142)
	at java.util.concurrent.ThreadPoolExecutor$Worker.run(ThreadPoolExecutor.java:617)
	at java.lang.Thread.run(Thread.java:745)
Caused by: java.lang.NullPointerException
	at net.thucydides.core.reports.html.Formatter.renderText(Formatter.java:124)
	at sun.reflect.NativeMethodAccessorImpl.invoke0(Native Method)
	at sun.reflect.NativeMethodAccessorImpl.invoke(NativeMethodAccessorImpl.java:62)
	at sun.reflect.DelegatingMethodAccessorImpl.invoke(DelegatingMethodAccessorImpl.java:43)
	at java.lang.reflect.Method.invoke(Method.java:498)
	at freemarker.ext.beans.BeansWrapper.invokeMethod(BeansWrapper.java:1458)
	at freemarker.ext.beans.SimpleMethodModel.exec(SimpleMethodModel.java:71)
	... 53 more

24235 [pool-1-thread-1] WARN net.thucydides.core.reports.templates.FreemarkerReportTemplate - Report generation failed
FreeMarker template error:
Java method "net.thucydides.core.reports.html.Formatter.renderText(String)" threw an exception when invoked on net.thucydides.core.reports.html.Formatter object "net.thucydides.core.reports.html.Formatter@3ec5f9a9"; see cause exception in the Java stack trace.

----
FTL stack trace ("~" means nesting-related):
	- Failed at: ${formatter.renderText(restQuery.resp...  [in template "freemarker/default.ftl" in macro "restQueryData" at line 348, column 41]
	- Reached through: @restQueryData restQuery=step.restQue...  [in template "freemarker/default.ftl" in macro "step_details" at line 418, column 37]
	- Reached through: @step_details step=step step_number=s...  [in template "freemarker/default.ftl" in macro "write_step" at line 242, column 17]
	- Reached through: @write_step step=step step_number=ste...  [in template "freemarker/default.ftl" at line 464, column 17]
----

Java stack trace (for programmers):
----
freemarker.core._TemplateModelException: [... Exception message was already printed; see it above ...]
	at freemarker.ext.beans._MethodUtil.newInvocationTemplateModelException(_MethodUtil.java:311)
	at freemarker.ext.beans._MethodUtil.newInvocationTemplateModelException(_MethodUtil.java:275)
	at freemarker.ext.beans.SimpleMethodModel.exec(SimpleMethodModel.java:80)
	at freemarker.core.MethodCall._eval(MethodCall.java:62)
	at freemarker.core.Expression.eval(Expression.java:78)
	at freemarker.core.Expression.evalAndCoerceToString(Expression.java:82)
	at freemarker.core.DollarVariable.accept(DollarVariable.java:41)
	at freemarker.core.Environment.visit(Environment.java:324)
	at freemarker.core.MixedContent.accept(MixedContent.java:54)
	at freemarker.core.Environment.visitByHiddingParent(Environment.java:345)
	at freemarker.core.ConditionalBlock.accept(ConditionalBlock.java:48)
	at freemarker.core.Environment.visit(Environment.java:324)
	at freemarker.core.MixedContent.accept(MixedContent.java:54)
	at freemarker.core.Environment.visit(Environment.java:324)
	at freemarker.core.Macro$Context.runMacro(Macro.java:184)
	at freemarker.core.Environment.invoke(Environment.java:701)
	at freemarker.core.UnifiedCall.accept(UnifiedCall.java:84)
	at freemarker.core.Environment.visit(Environment.java:324)
	at freemarker.core.MixedContent.accept(MixedContent.java:54)
	at freemarker.core.Environment.visitByHiddingParent(Environment.java:345)
	at freemarker.core.ConditionalBlock.accept(ConditionalBlock.java:48)
	at freemarker.core.Environment.visit(Environment.java:324)
	at freemarker.core.MixedContent.accept(MixedContent.java:54)
	at freemarker.core.Environment.visit(Environment.java:324)
	at freemarker.core.Macro$Context.runMacro(Macro.java:184)
	at freemarker.core.Environment.invoke(Environment.java:701)
	at freemarker.core.UnifiedCall.accept(UnifiedCall.java:84)
	at freemarker.core.Environment.visit(Environment.java:324)
	at freemarker.core.MixedContent.accept(MixedContent.java:54)
	at freemarker.core.Environment.visit(Environment.java:324)
	at freemarker.core.Macro$Context.runMacro(Macro.java:184)
	at freemarker.core.Environment.invoke(Environment.java:701)
	at freemarker.core.UnifiedCall.accept(UnifiedCall.java:84)
	at freemarker.core.Environment.visitByHiddingParent(Environment.java:345)
	at freemarker.core.IteratorBlock$IterationContext.executeNestedBlockInner(IteratorBlock.java:268)
	at freemarker.core.IteratorBlock$IterationContext.executeNestedBlock(IteratorBlock.java:220)
	at freemarker.core.IteratorBlock$IterationContext.accept(IteratorBlock.java:194)
	at freemarker.core.Environment.visitIteratorBlock(Environment.java:572)
	at freemarker.core.IteratorBlock.acceptWithResult(IteratorBlock.java:78)
	at freemarker.core.IteratorBlock.accept(IteratorBlock.java:64)
	at freemarker.core.Environment.visit(Environment.java:324)
	at freemarker.core.MixedContent.accept(MixedContent.java:54)
	at freemarker.core.Environment.visit(Environment.java:324)
	at freemarker.core.Environment.process(Environment.java:302)
	at net.thucydides.core.reports.templates.FreemarkerReportTemplate.merge(FreemarkerReportTemplate.java:42)
	at net.thucydides.core.reports.html.Merger$MergeBuilder.to(Merger.java:37)
	at net.thucydides.core.reports.html.HtmlAcceptanceTestReporter.generateReportPage(HtmlAcceptanceTestReporter.java:144)
	at net.thucydides.core.reports.html.HtmlAcceptanceTestReporter.generateReportFor(HtmlAcceptanceTestReporter.java:130)
	at net.thucydides.core.reports.ReportService.generateReportFor(ReportService.java:221)
	at net.thucydides.core.reports.ReportService.access$100(ReportService.java:35)
	at net.thucydides.core.reports.ReportService$1.run(ReportService.java:157)
	at java.util.concurrent.Executors$RunnableAdapter.call(Executors.java:511)
	at java.util.concurrent.FutureTask.run(FutureTask.java:266)
	at java.util.concurrent.ThreadPoolExecutor.runWorker(ThreadPoolExecutor.java:1142)
	at java.util.concurrent.ThreadPoolExecutor$Worker.run(ThreadPoolExecutor.java:617)
	at java.lang.Thread.run(Thread.java:745)
Caused by: java.lang.NullPointerException
	at net.thucydides.core.reports.html.Formatter.renderText(Formatter.java:124)
	at sun.reflect.NativeMethodAccessorImpl.invoke0(Native Method)
	at sun.reflect.NativeMethodAccessorImpl.invoke(NativeMethodAccessorImpl.java:62)
	at sun.reflect.DelegatingMethodAccessorImpl.invoke(DelegatingMethodAccessorImpl.java:43)
	at java.lang.reflect.Method.invoke(Method.java:498)
	at freemarker.ext.beans.BeansWrapper.invokeMethod(BeansWrapper.java:1458)
	at freemarker.ext.beans.SimpleMethodModel.exec(SimpleMethodModel.java:71)
	... 53 more
24257 [pool-1-thread-1] ERROR net.thucydides.core.reports.templates.FreemarkerReportTemplate - Syntax error in report template: Java method "net.thucydides.core.reports.html.Formatter.renderText(String)" threw an exception when invoked on net.thucydides.core.reports.html.Formatter object "net.thucydides.core.reports.html.Formatter@3ec5f9a9"; see cause exception in the Java stack trace.

----
FTL stack trace ("~" means nesting-related):
	- Failed at: ${formatter.renderText(restQuery.resp...  [in template "freemarker/default.ftl" in macro "restQueryData" at line 348, column 41]
	- Reached through: @restQueryData restQuery=step.restQue...  [in template "freemarker/default.ftl" in macro "step_details" at line 418, column 37]
	- Reached through: @step_details step=step step_number=s...  [in template "freemarker/default.ftl" in macro "write_step" at line 242, column 17]
	- Reached through: @write_step step=step step_number=ste...  [in template "freemarker/default.ftl" at line 464, column 17]
----
	- Failed at: ${formatter.renderText(restQuery.resp...  [in template "freemarker/default.ftl" in macro "restQueryData" at line 348, column 41]
	- Reached through: @restQueryData restQuery=step.restQue...  [in template "freemarker/default.ftl" in macro "step_details" at line 418, column 37]
	- Reached through: @step_details step=step step_number=s...  [in template "freemarker/default.ftl" in macro "write_step" at line 242, column 17]
	- Reached through: @write_step step=step step_number=ste...  [in template "freemarker/default.ftl" at line 464, column 17]

]]></system-err>
  </testcase>
</testsuite>