<?xml version="1.0" encoding="UTF-8"?><testsuite errors="0" failures="0" name="com.lc.df.studentapp.testsuite.StudentCURDTest" skipped="0" tests="4" time="16.38" timestamp="2020-05-141 02:01:20"><testcase classname="com.lc.df.studentapp.testsuite.StudentCURDTest" name="This test will create a new student :"/><testcase classname="com.lc.df.studentapp.testsuite.StudentCURDTest" name="verify the student is added to the applicatin :"/><testcase classname="com.lc.df.studentapp.testsuite.StudentCURDTest" name="Update the user information and verify the update information :"/><testcase classname="com.lc.df.studentapp.testsuite.StudentCURDTest" name="Delete the student and verify if the student is deleted"/></testsuite>